[debug] [2022-07-10T19:20:31.872Z] ----------------------------------------------------------------------
[debug] [2022-07-10T19:20:31.874Z] Command:       C:\Program Files\nodejs\node.exe C:\Users\Stenio\AppData\Roaming\npm\node_modules\firebase-tools\lib\bin\firebase.js init
[debug] [2022-07-10T19:20:31.875Z] CLI Version:   11.2.1
[debug] [2022-07-10T19:20:31.875Z] Platform:      win32
[debug] [2022-07-10T19:20:31.875Z] Node Version:  v16.15.1
[debug] [2022-07-10T19:20:31.876Z] Time:          Sun Jul 10 2022 16:20:31 GMT-0300 (Horário Padrão de Brasília)
[debug] [2022-07-10T19:20:31.876Z] ----------------------------------------------------------------------
[debug] 
[debug] [2022-07-10T19:20:31.883Z] > command requires scopes: ["email","openid","https://www.googleapis.com/auth/cloudplatformprojects.readonly","https://www.googleapis.com/auth/firebase","https://www.googleapis.com/auth/cloud-platform"]
[debug] [2022-07-10T19:20:31.883Z] > authorizing via signed-in user (steniooliv@gmail.com)
[info] 
     ######## #### ########  ######## ########     ###     ######  ########
     ##        ##  ##     ## ##       ##     ##  ##   ##  ##       ##
     ######    ##  ########  ######   ########  #########  ######  ######
     ##        ##  ##    ##  ##       ##     ## ##     ##       ## ##
     ##       #### ##     ## ######## ########  ##     ##  ######  ########

You're about to initialize a Firebase project in this directory:

  C:\Users\Stenio\dev\clients-angularjs

[info] 
=== Project Setup
[info] 
[info] First, let's associate this project directory with a Firebase project.
[info] You can create multiple project aliases by running firebase use --add, 
[info] but for now we'll just set up a default project.
[info] 
[debug] [2022-07-10T19:20:46.918Z] >>> [apiv2][query] GET https://firebase.googleapis.com/v1beta1/projects pageSize=100
[debug] [2022-07-10T19:20:47.625Z] <<< [apiv2][status] GET https://firebase.googleapis.com/v1beta1/projects 200
[debug] [2022-07-10T19:20:47.625Z] <<< [apiv2][body] GET https://firebase.googleapis.com/v1beta1/projects [omitted]
[info] i  Using project clients-angularjs (clients-angularjs) 
[info] 
=== Hosting Setup
[info] 
[info] Your public directory is the folder (relative to your project directory) that
[info] will contain Hosting assets to be uploaded with firebase deploy. If you
[info] have a build process for your assets, use your build's output directory.
[info] 
[debug] [2022-07-10T19:21:07.692Z] >>> [apiv2][query] GET https://www.gstatic.com/firebasejs/releases.json [none]
[debug] [2022-07-10T19:21:08.056Z] <<< [apiv2][status] GET https://www.gstatic.com/firebasejs/releases.json 200
[debug] [2022-07-10T19:21:08.056Z] <<< [apiv2][body] GET https://www.gstatic.com/firebasejs/releases.json {"current":{"version":"9.9.0","browserURL":"https://www.gstatic.com/firebasejs/9.9.0/firebase.js","packageURL":"https://www.gstatic.com/firebasejs/9.9.0/firebase.tgz"},"live":{"version":"9.9","browserURL":"https://www.gstatic.com/firebasejs/live/9.9/firebase.js","packageURL":"https://www.gstatic.com/firebasejs/live/9.9/firebase.tgz"},"components":{"analytics":"https://www.gstatic.com/firebasejs/9.9.0/firebase-analytics.js","app":"https://www.gstatic.com/firebasejs/9.9.0/firebase-app.js","app-check":"https://www.gstatic.com/firebasejs/9.9.0/firebase-app-check.js","auth":"https://www.gstatic.com/firebasejs/9.9.0/firebase-auth.js","auth/cordova":"https://www.gstatic.com/firebasejs/9.9.0/firebase-auth/cordova.js","auth/react-native":"https://www.gstatic.com/firebasejs/9.9.0/firebase-auth/react-native.js","functions":"https://www.gstatic.com/firebasejs/9.9.0/firebase-functions.js","firestore":"https://www.gstatic.com/firebasejs/9.9.0/firebase-firestore.js","firestore/lite":"https://www.gstatic.com/firebasejs/9.9.0/firebase-firestore/lite.js","installations":"https://www.gstatic.com/firebasejs/9.9.0/firebase-installations.js","storage":"https://www.gstatic.com/firebasejs/9.9.0/firebase-storage.js","performance":"https://www.gstatic.com/firebasejs/9.9.0/firebase-performance.js","remote-config":"https://www.gstatic.com/firebasejs/9.9.0/firebase-remote-config.js","messaging":"https://www.gstatic.com/firebasejs/9.9.0/firebase-messaging.js","messaging/sw":"https://www.gstatic.com/firebasejs/9.9.0/firebase-messaging/sw.js","database":"https://www.gstatic.com/firebasejs/9.9.0/firebase-database.js","firestore.memory":"https://www.gstatic.com/firebasejs/9.9.0/firebase-firestore.memory.js"}}
[info] +  Wrote public/index.html 
[info] 
[info] i  Detected a .git folder at C:\Users\Stenio\dev\clients-angularjs 
[info] i  Authorizing with GitHub to upload your service account to a GitHub repository's secrets store. 
[info] 
[info] Visit this URL on this device to log in:
[info] https://github.com/login/oauth/authorize?client_id=89cf50f02ac6aaed3484&state=180446292&redirect_uri=http%3A%2F%2Flocalhost%3A9005&scope=read%3Auser%20repo%20public_repo
[info] 
[info] Waiting for authentication...
[debug] [2022-07-10T19:21:33.078Z] >>> [apiv2][query] POST https://github.com/login/oauth/access_token [none]
[debug] [2022-07-10T19:21:33.078Z] >>> [apiv2][body] POST https://github.com/login/oauth/access_token [stream]
[debug] [2022-07-10T19:21:33.370Z] <<< [apiv2][status] POST https://github.com/login/oauth/access_token 200
[debug] [2022-07-10T19:21:33.370Z] <<< [apiv2][body] POST https://github.com/login/oauth/access_token {"access_token":"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","token_type":"bearer","scope":"read:user,repo"}
[debug] [2022-07-10T19:21:33.375Z] >>> [apiv2][query] GET https://api.github.com/user [none]
[debug] [2022-07-10T19:21:33.682Z] <<< [apiv2][status] GET https://api.github.com/user 200
[debug] [2022-07-10T19:21:33.682Z] <<< [apiv2][body] GET https://api.github.com/user {"login":"steniooliv","id":21336806,"node_id":"MDQ6VXNlcjIxMzM2ODA2","avatar_url":"https://avatars.githubusercontent.com/u/21336806?v=4","gravatar_id":"","url":"https://api.github.com/users/steniooliv","html_url":"https://github.com/steniooliv","followers_url":"https://api.github.com/users/steniooliv/followers","following_url":"https://api.github.com/users/steniooliv/following{/other_user}","gists_url":"https://api.github.com/users/steniooliv/gists{/gist_id}","starred_url":"https://api.github.com/users/steniooliv/starred{/owner}{/repo}","subscriptions_url":"https://api.github.com/users/steniooliv/subscriptions","organizations_url":"https://api.github.com/users/steniooliv/orgs","repos_url":"https://api.github.com/users/steniooliv/repos","events_url":"https://api.github.com/users/steniooliv/events{/privacy}","received_events_url":"https://api.github.com/users/steniooliv/received_events","type":"User","site_admin":false,"name":"Stenio Oliveira","company":"Raro Labs","blog":"steniooliv.com","location":"Minas Gerais","email":"steniooliv@gmail.com","hireable":null,"bio":"Flutter Developer","twitter_username":"steniooliv","public_repos":51,"public_gists":0,"followers":27,"following":12,"created_at":"2016-08-30T12:23:10Z","updated_at":"2022-06-02T14:46:23Z","private_gists":0,"total_private_repos":3,"owned_private_repos":3,"disk_usage":74906,"collaborators":0,"two_factor_authentication":true,"plan":{"name":"free","space":976562499,"collaborators":0,"private_repos":10000}}
[info] 
[info] +  Success! Logged into GitHub as steniooliv 
[info] 
[debug] [2022-07-10T19:21:48.179Z] >>> [apiv2][query] GET https://api.github.com/repos/yes/actions/secrets/public-key type=owner
[debug] [2022-07-10T19:21:48.421Z] <<< [apiv2][status] GET https://api.github.com/repos/yes/actions/secrets/public-key 404
[debug] [2022-07-10T19:21:48.421Z] <<< [apiv2][body] GET https://api.github.com/repos/yes/actions/secrets/public-key {"message":"Not Found","documentation_url":"https://docs.github.com/rest"}
[debug] [2022-07-10T19:21:49.204Z] >>> [apiv2][query] GET https://api.github.com/repos/yes/actions/secrets/public-key type=owner
[debug] [2022-07-10T19:21:49.424Z] <<< [apiv2][status] GET https://api.github.com/repos/yes/actions/secrets/public-key 404
[debug] [2022-07-10T19:21:49.425Z] <<< [apiv2][body] GET https://api.github.com/repos/yes/actions/secrets/public-key {"message":"Not Found","documentation_url":"https://docs.github.com/rest"}
